<?xml version="1.0" encoding="UTF-8"?>
<testng-results total="1" passed="1" failed="0" skipped="0">
  <reporter-output>
  </reporter-output>
  <suite started-at="2024-03-15T03:35:30Z" name="Suite1" finished-at="2024-03-15T03:35:42Z" duration-ms="11911">
    <groups>
    </groups>
    <test started-at="2024-03-15T03:35:30Z" name="Nopackage" finished-at="2024-03-15T03:35:42Z" duration-ms="11911">
      <class name="com.hrms.testscripts.TC001">
        <test-method signature="tC001()[pri:0, instance:com.hrms.testscripts.TC001@5e5d171f]" started-at="2024-03-15T09:05:30Z" name="tC001" finished-at="2024-03-15T09:05:42Z" duration-ms="11880" status="PASS">
          <reporter-output>
          </reporter-output>
        </test-method> <!-- tC001 -->
      </class> <!-- com.hrms.testscripts.TC001 -->
    </test> <!-- Nopackage -->
  </suite> <!-- Suite1 -->
</testng-results>
